<?xml version="1.0" encoding="UTF-8"?>
<!-- Generated by org.testng.reporters.JUnitReportReporter -->
<testsuite skipped="3" hostname="FVFZM5TLLYWG" name="com.dataparameter.withparameter.Searchtest" tests="3" failures="0" timestamp="2021-01-19T19:23:31 CET" time="0.000" errors="0">
  <testcase name="test" time="0.000" classname="com.dataparameter.withparameter.Searchtest">
    <skipped/>
  </testcase> <!-- test -->
  <system-out/>
  <testcase name="test" time="0.000" classname="com.dataparameter.withparameter.Searchtest">
    <skipped/>
  </testcase> <!-- test -->
  <system-out/>
  <testcase name="test" time="0.000" classname="com.dataparameter.withparameter.Searchtest">
    <skipped/>
  </testcase> <!-- test -->
  <system-out/>
</testsuite> <!-- com.dataparameter.withparameter.Searchtest -->
