<?xml version="1.0" encoding="UTF-8"?>
<!-- Generated by org.testng.reporters.JUnitReportReporter -->
<testsuite skipped="6" hostname="FVFZM5TLLYWG" name="com.dataparameter.withparameter.Differentparameterdifferentdataprovidertest" tests="6" failures="0" timestamp="2021-01-19T19:23:31 CET" time="0.000" errors="0">
  <testcase name="testMethodA" time="0.000" classname="com.dataparameter.withparameter.Differentparameterdifferentdataprovidertest">
    <skipped/>
  </testcase> <!-- testMethodA -->
  <system-out/>
  <testcase name="testMethodB" time="0.000" classname="com.dataparameter.withparameter.Differentparameterdifferentdataprovidertest">
    <skipped/>
  </testcase> <!-- testMethodB -->
  <system-out/>
  <testcase name="testMethodA" time="0.000" classname="com.dataparameter.withparameter.Differentparameterdifferentdataprovidertest">
    <skipped/>
  </testcase> <!-- testMethodA -->
  <system-out/>
  <testcase name="testMethodB" time="0.000" classname="com.dataparameter.withparameter.Differentparameterdifferentdataprovidertest">
    <skipped/>
  </testcase> <!-- testMethodB -->
  <system-out/>
  <testcase name="testMethodA" time="0.000" classname="com.dataparameter.withparameter.Differentparameterdifferentdataprovidertest">
    <skipped/>
  </testcase> <!-- testMethodA -->
  <system-out/>
  <testcase name="testMethodB" time="0.000" classname="com.dataparameter.withparameter.Differentparameterdifferentdataprovidertest">
    <skipped/>
  </testcase> <!-- testMethodB -->
  <system-out/>
</testsuite> <!-- com.dataparameter.withparameter.Differentparameterdifferentdataprovidertest -->
